Start testing: Feb 15 20:47 CST
----------------------------------------------------------
1/1 Testing: UT_Tokens
1/1 Test: UT_Tokens
Command: "/home/daniel/Workspace/EquationSolver-cpp/build/test/Unit/Token/Lexical/UT_Tokens"
Directory: /home/daniel/Workspace/EquationSolver-cpp/build/test/Unit/Token/Lexical
"UT_Tokens" start time: Feb 15 20:47 CST
Output:
----------------------------------------------------------
[==========] Running 83 tests from 7 test cases.
[----------] Global test environment set-up.
[----------] 10 tests from Digits/TestValidDigits
[ RUN      ] Digits/TestValidDigits.AreAccepted/0
[       OK ] Digits/TestValidDigits.AreAccepted/0 (0 ms)
[ RUN      ] Digits/TestValidDigits.AreAccepted/1
[       OK ] Digits/TestValidDigits.AreAccepted/1 (0 ms)
[ RUN      ] Digits/TestValidDigits.AreAccepted/2
[       OK ] Digits/TestValidDigits.AreAccepted/2 (0 ms)
[ RUN      ] Digits/TestValidDigits.AreAccepted/3
[       OK ] Digits/TestValidDigits.AreAccepted/3 (0 ms)
[ RUN      ] Digits/TestValidDigits.AreAccepted/4
[       OK ] Digits/TestValidDigits.AreAccepted/4 (0 ms)
[ RUN      ] Digits/TestValidDigits.AreAccepted/5
[       OK ] Digits/TestValidDigits.AreAccepted/5 (0 ms)
[ RUN      ] Digits/TestValidDigits.AreAccepted/6
[       OK ] Digits/TestValidDigits.AreAccepted/6 (0 ms)
[ RUN      ] Digits/TestValidDigits.AreAccepted/7
[       OK ] Digits/TestValidDigits.AreAccepted/7 (0 ms)
[ RUN      ] Digits/TestValidDigits.AreAccepted/8
[       OK ] Digits/TestValidDigits.AreAccepted/8 (0 ms)
[ RUN      ] Digits/TestValidDigits.AreAccepted/9
[       OK ] Digits/TestValidDigits.AreAccepted/9 (0 ms)
[----------] 10 tests from Digits/TestValidDigits (0 ms total)

[----------] 26 tests from Alphas/TestNonDigits
[ RUN      ] Alphas/TestNonDigits.AreRejected/0
[       OK ] Alphas/TestNonDigits.AreRejected/0 (0 ms)
[ RUN      ] Alphas/TestNonDigits.AreRejected/1
[       OK ] Alphas/TestNonDigits.AreRejected/1 (0 ms)
[ RUN      ] Alphas/TestNonDigits.AreRejected/2
[       OK ] Alphas/TestNonDigits.AreRejected/2 (0 ms)
[ RUN      ] Alphas/TestNonDigits.AreRejected/3
[       OK ] Alphas/TestNonDigits.AreRejected/3 (0 ms)
[ RUN      ] Alphas/TestNonDigits.AreRejected/4
[       OK ] Alphas/TestNonDigits.AreRejected/4 (0 ms)
[ RUN      ] Alphas/TestNonDigits.AreRejected/5
[       OK ] Alphas/TestNonDigits.AreRejected/5 (0 ms)
[ RUN      ] Alphas/TestNonDigits.AreRejected/6
[       OK ] Alphas/TestNonDigits.AreRejected/6 (0 ms)
[ RUN      ] Alphas/TestNonDigits.AreRejected/7
[       OK ] Alphas/TestNonDigits.AreRejected/7 (0 ms)
[ RUN      ] Alphas/TestNonDigits.AreRejected/8
[       OK ] Alphas/TestNonDigits.AreRejected/8 (0 ms)
[ RUN      ] Alphas/TestNonDigits.AreRejected/9
[       OK ] Alphas/TestNonDigits.AreRejected/9 (0 ms)
[ RUN      ] Alphas/TestNonDigits.AreRejected/10
[       OK ] Alphas/TestNonDigits.AreRejected/10 (0 ms)
[ RUN      ] Alphas/TestNonDigits.AreRejected/11
[       OK ] Alphas/TestNonDigits.AreRejected/11 (0 ms)
[ RUN      ] Alphas/TestNonDigits.AreRejected/12
[       OK ] Alphas/TestNonDigits.AreRejected/12 (0 ms)
[ RUN      ] Alphas/TestNonDigits.AreRejected/13
[       OK ] Alphas/TestNonDigits.AreRejected/13 (0 ms)
[ RUN      ] Alphas/TestNonDigits.AreRejected/14
[       OK ] Alphas/TestNonDigits.AreRejected/14 (0 ms)
[ RUN      ] Alphas/TestNonDigits.AreRejected/15
[       OK ] Alphas/TestNonDigits.AreRejected/15 (0 ms)
[ RUN      ] Alphas/TestNonDigits.AreRejected/16
[       OK ] Alphas/TestNonDigits.AreRejected/16 (0 ms)
[ RUN      ] Alphas/TestNonDigits.AreRejected/17
[       OK ] Alphas/TestNonDigits.AreRejected/17 (0 ms)
[ RUN      ] Alphas/TestNonDigits.AreRejected/18
[       OK ] Alphas/TestNonDigits.AreRejected/18 (0 ms)
[ RUN      ] Alphas/TestNonDigits.AreRejected/19
[       OK ] Alphas/TestNonDigits.AreRejected/19 (0 ms)
[ RUN      ] Alphas/TestNonDigits.AreRejected/20
[       OK ] Alphas/TestNonDigits.AreRejected/20 (0 ms)
[ RUN      ] Alphas/TestNonDigits.AreRejected/21
[       OK ] Alphas/TestNonDigits.AreRejected/21 (0 ms)
[ RUN      ] Alphas/TestNonDigits.AreRejected/22
[       OK ] Alphas/TestNonDigits.AreRejected/22 (0 ms)
[ RUN      ] Alphas/TestNonDigits.AreRejected/23
[       OK ] Alphas/TestNonDigits.AreRejected/23 (0 ms)
[ RUN      ] Alphas/TestNonDigits.AreRejected/24
[       OK ] Alphas/TestNonDigits.AreRejected/24 (0 ms)
[ RUN      ] Alphas/TestNonDigits.AreRejected/25
[       OK ] Alphas/TestNonDigits.AreRejected/25 (0 ms)
[----------] 26 tests from Alphas/TestNonDigits (0 ms total)

[----------] 5 tests from Symbols/TestNonDigits
[ RUN      ] Symbols/TestNonDigits.AreRejected/0
[       OK ] Symbols/TestNonDigits.AreRejected/0 (0 ms)
[ RUN      ] Symbols/TestNonDigits.AreRejected/1
[       OK ] Symbols/TestNonDigits.AreRejected/1 (0 ms)
[ RUN      ] Symbols/TestNonDigits.AreRejected/2
[       OK ] Symbols/TestNonDigits.AreRejected/2 (0 ms)
[ RUN      ] Symbols/TestNonDigits.AreRejected/3
[       OK ] Symbols/TestNonDigits.AreRejected/3 (0 ms)
[ RUN      ] Symbols/TestNonDigits.AreRejected/4
[       OK ] Symbols/TestNonDigits.AreRejected/4 (0 ms)
[----------] 5 tests from Symbols/TestNonDigits (0 ms total)

[----------] 1 test from ValidIntegers/TestValidIntegerString
[ RUN      ] ValidIntegers/TestValidIntegerString.ReturnsTheInteger/0
[       OK ] ValidIntegers/TestValidIntegerString.ReturnsTheInteger/0 (0 ms)
[----------] 1 test from ValidIntegers/TestValidIntegerString (0 ms total)

[----------] 26 tests from ValidAlphas/TestValidAlphas
[ RUN      ] ValidAlphas/TestValidAlphas.AreAccepted/0
[       OK ] ValidAlphas/TestValidAlphas.AreAccepted/0 (0 ms)
[ RUN      ] ValidAlphas/TestValidAlphas.AreAccepted/1
[       OK ] ValidAlphas/TestValidAlphas.AreAccepted/1 (0 ms)
[ RUN      ] ValidAlphas/TestValidAlphas.AreAccepted/2
[       OK ] ValidAlphas/TestValidAlphas.AreAccepted/2 (0 ms)
[ RUN      ] ValidAlphas/TestValidAlphas.AreAccepted/3
[       OK ] ValidAlphas/TestValidAlphas.AreAccepted/3 (0 ms)
[ RUN      ] ValidAlphas/TestValidAlphas.AreAccepted/4
[       OK ] ValidAlphas/TestValidAlphas.AreAccepted/4 (0 ms)
[ RUN      ] ValidAlphas/TestValidAlphas.AreAccepted/5
[       OK ] ValidAlphas/TestValidAlphas.AreAccepted/5 (0 ms)
[ RUN      ] ValidAlphas/TestValidAlphas.AreAccepted/6
[       OK ] ValidAlphas/TestValidAlphas.AreAccepted/6 (0 ms)
[ RUN      ] ValidAlphas/TestValidAlphas.AreAccepted/7
[       OK ] ValidAlphas/TestValidAlphas.AreAccepted/7 (0 ms)
[ RUN      ] ValidAlphas/TestValidAlphas.AreAccepted/8
[       OK ] ValidAlphas/TestValidAlphas.AreAccepted/8 (0 ms)
[ RUN      ] ValidAlphas/TestValidAlphas.AreAccepted/9
[       OK ] ValidAlphas/TestValidAlphas.AreAccepted/9 (0 ms)
[ RUN      ] ValidAlphas/TestValidAlphas.AreAccepted/10
[       OK ] ValidAlphas/TestValidAlphas.AreAccepted/10 (0 ms)
[ RUN      ] ValidAlphas/TestValidAlphas.AreAccepted/11
[       OK ] ValidAlphas/TestValidAlphas.AreAccepted/11 (0 ms)
[ RUN      ] ValidAlphas/TestValidAlphas.AreAccepted/12
[       OK ] ValidAlphas/TestValidAlphas.AreAccepted/12 (0 ms)
[ RUN      ] ValidAlphas/TestValidAlphas.AreAccepted/13
[       OK ] ValidAlphas/TestValidAlphas.AreAccepted/13 (0 ms)
[ RUN      ] ValidAlphas/TestValidAlphas.AreAccepted/14
[       OK ] ValidAlphas/TestValidAlphas.AreAccepted/14 (0 ms)
[ RUN      ] ValidAlphas/TestValidAlphas.AreAccepted/15
[       OK ] ValidAlphas/TestValidAlphas.AreAccepted/15 (0 ms)
[ RUN      ] ValidAlphas/TestValidAlphas.AreAccepted/16
[       OK ] ValidAlphas/TestValidAlphas.AreAccepted/16 (0 ms)
[ RUN      ] ValidAlphas/TestValidAlphas.AreAccepted/17
[       OK ] ValidAlphas/TestValidAlphas.AreAccepted/17 (0 ms)
[ RUN      ] ValidAlphas/TestValidAlphas.AreAccepted/18
[       OK ] ValidAlphas/TestValidAlphas.AreAccepted/18 (0 ms)
[ RUN      ] ValidAlphas/TestValidAlphas.AreAccepted/19
[       OK ] ValidAlphas/TestValidAlphas.AreAccepted/19 (0 ms)
[ RUN      ] ValidAlphas/TestValidAlphas.AreAccepted/20
[       OK ] ValidAlphas/TestValidAlphas.AreAccepted/20 (0 ms)
[ RUN      ] ValidAlphas/TestValidAlphas.AreAccepted/21
[       OK ] ValidAlphas/TestValidAlphas.AreAccepted/21 (0 ms)
[ RUN      ] ValidAlphas/TestValidAlphas.AreAccepted/22
[       OK ] ValidAlphas/TestValidAlphas.AreAccepted/22 (0 ms)
[ RUN      ] ValidAlphas/TestValidAlphas.AreAccepted/23
[       OK ] ValidAlphas/TestValidAlphas.AreAccepted/23 (0 ms)
[ RUN      ] ValidAlphas/TestValidAlphas.AreAccepted/24
[       OK ] ValidAlphas/TestValidAlphas.AreAccepted/24 (0 ms)
[ RUN      ] ValidAlphas/TestValidAlphas.AreAccepted/25
[       OK ] ValidAlphas/TestValidAlphas.AreAccepted/25 (0 ms)
[----------] 26 tests from ValidAlphas/TestValidAlphas (1 ms total)

[----------] 10 tests from Integers/TestNonAlphas
[ RUN      ] Integers/TestNonAlphas.AreRejected/0
[       OK ] Integers/TestNonAlphas.AreRejected/0 (0 ms)
[ RUN      ] Integers/TestNonAlphas.AreRejected/1
[       OK ] Integers/TestNonAlphas.AreRejected/1 (0 ms)
[ RUN      ] Integers/TestNonAlphas.AreRejected/2
[       OK ] Integers/TestNonAlphas.AreRejected/2 (0 ms)
[ RUN      ] Integers/TestNonAlphas.AreRejected/3
[       OK ] Integers/TestNonAlphas.AreRejected/3 (0 ms)
[ RUN      ] Integers/TestNonAlphas.AreRejected/4
[       OK ] Integers/TestNonAlphas.AreRejected/4 (0 ms)
[ RUN      ] Integers/TestNonAlphas.AreRejected/5
[       OK ] Integers/TestNonAlphas.AreRejected/5 (0 ms)
[ RUN      ] Integers/TestNonAlphas.AreRejected/6
[       OK ] Integers/TestNonAlphas.AreRejected/6 (0 ms)
[ RUN      ] Integers/TestNonAlphas.AreRejected/7
[       OK ] Integers/TestNonAlphas.AreRejected/7 (0 ms)
[ RUN      ] Integers/TestNonAlphas.AreRejected/8
[       OK ] Integers/TestNonAlphas.AreRejected/8 (0 ms)
[ RUN      ] Integers/TestNonAlphas.AreRejected/9
[       OK ] Integers/TestNonAlphas.AreRejected/9 (0 ms)
[----------] 10 tests from Integers/TestNonAlphas (0 ms total)

[----------] 5 tests from Symbols/TestNonAlphas
[ RUN      ] Symbols/TestNonAlphas.AreRejected/0
[       OK ] Symbols/TestNonAlphas.AreRejected/0 (0 ms)
[ RUN      ] Symbols/TestNonAlphas.AreRejected/1
[       OK ] Symbols/TestNonAlphas.AreRejected/1 (0 ms)
[ RUN      ] Symbols/TestNonAlphas.AreRejected/2
[       OK ] Symbols/TestNonAlphas.AreRejected/2 (0 ms)
[ RUN      ] Symbols/TestNonAlphas.AreRejected/3
[       OK ] Symbols/TestNonAlphas.AreRejected/3 (0 ms)
[ RUN      ] Symbols/TestNonAlphas.AreRejected/4
[       OK ] Symbols/TestNonAlphas.AreRejected/4 (0 ms)
[----------] 5 tests from Symbols/TestNonAlphas (0 ms total)

[----------] Global test environment tear-down
[==========] 83 tests from 7 test cases ran. (1 ms total)
[  PASSED  ] 83 tests.
<end of output>
Test time =   0.00 sec
----------------------------------------------------------
Test Passed.
"UT_Tokens" end time: Feb 15 20:47 CST
"UT_Tokens" time elapsed: 00:00:00
----------------------------------------------------------

End testing: Feb 15 20:47 CST
