Start testing: Feb 10 07:46 CST
----------------------------------------------------------
1/1 Testing: UT_MathTokenizer
1/1 Test: UT_MathTokenizer
Command: "/home/daniel/Workspace/EquationSolver-cpp/build/test/Unit/MathTokenizer/UT_MathTokenizer"
Directory: /home/daniel/Workspace/EquationSolver-cpp/build/test/Unit/MathTokenizer
"UT_MathTokenizer" start time: Feb 10 07:46 CST
Output:
----------------------------------------------------------
[==========] Running 2 tests from 1 test case.
[----------] Global test environment set-up.
[----------] 2 tests from Tokenizer
[ RUN      ] Tokenizer.ReadsNumbersAsOneToken
[       OK ] Tokenizer.ReadsNumbersAsOneToken (0 ms)
[ RUN      ] Tokenizer.ReadsWordAsOneToken
[       OK ] Tokenizer.ReadsWordAsOneToken (0 ms)
[----------] 2 tests from Tokenizer (0 ms total)

[----------] Global test environment tear-down
[==========] 2 tests from 1 test case ran. (0 ms total)
[  PASSED  ] 2 tests.
<end of output>
Test time =   0.00 sec
----------------------------------------------------------
Test Passed.
"UT_MathTokenizer" end time: Feb 10 07:46 CST
"UT_MathTokenizer" time elapsed: 00:00:00
----------------------------------------------------------

End testing: Feb 10 07:46 CST
